Loading the ModusToolbox Technology Packs and Early Access Packs
Finished loading the ModusToolbox Technology Packs and Early Access Packs (7 ms)
Loading the tools information
Finished loading the tools information (73 ms)
From ModusToolbox Tools version 3.4.0.0 installed at C:/Users/Kushi/ModusToolbox/tools_3.4, using
 airoc-tools version 5.0.1.207
 bsp-assistant version 1.30.0.2394
 bt-configurator version 3.10.0.2973
 capsense-configurator version 6.40.0.8062
 chipload version 1.6.6.21056
 cymcuelftool version 1.0.0.62
 dashboard version 3.4.0.276
 detectandid version 5.0.1.207
 device-configurator version 5.20.0.2873
 dfuh-tool version 2.60.0.2347
 ez-pd-configurator version 2.10.0.2074
 fw-loader version 3.8.0.2355
 gcc version 11.3.1.67
 hardware-config-server version 1.2.0.1243
 kp-firmware version 2.70.0.1480
 lcs-manager-cli version 1.20.0.291
 library-manager version 2.30.0.4360
 lin-configurator version 1.50.0.2044
 make version 2.4.0.6343
 mbtp version 5.0.1.207
 modus-shell version 1.5.0.123
 mtbgetlibs version 1.4.0.3447
 mtbideexport version 1.3.0.268
 mtblaunch version 1.4.0.3447
 mtbninja version 1.4.0.3447
 mtbquery version 1.4.0.3447
 mtbsearch version 1.4.0.3447
 ninja version 1.12.1
 project-creator version 2.30.0.4811
 proxy-helper version 1.60.0.380
 qspi-configurator version 4.40.0.2321
 seglcd-configurator version 1.70.0.1928
 signcombinemkgen version 1.0.0.268
 smartio-configurator version 4.30.0.1497
 srecord version 1.64.0.15
 usbdev-configurator version 2.80.0.1997
From ModusToolbox Pack ModusToolbox Edge Protect Security Suite version 1.3.0.234 installed at C:/Users/Kushi/Infineon/Tools/ModusToolbox-Edge-Protect-Security-Suite-1.3, using
 edgeprotecttools version 1.3.0.10775
 secure-policy-configurator version 1.51.0.1790
Loading the manifest data
Online Content mode has been enabled by default.
Loading super manfiest files from all sources
Getting manifests from remote and/or local sources
Processing system manifest 'https://modustoolbox.infineon.com/manifests/mtb-super-manifest/v2.X/mtb-super-manifest-fv2.xml'
Downloading super manifest file 'https://modustoolbox.infineon.com/manifests/mtb-super-manifest/v2.X/mtb-super-manifest-fv2.xml'
Finished loading super manifest files from all sources
Finished download of file 'https://modustoolbox.infineon.com/manifests/mtb-super-manifest/v2.X/mtb-super-manifest-fv2.xml'
Starting to parse super manifest with URL 'https://modustoolbox.infineon.com/manifests/mtb-super-manifest/v2.X/mtb-super-manifest-fv2.xml'
Finished parsing super manifest with URL 'https://modustoolbox.infineon.com/manifests/mtb-super-manifest/v2.X/mtb-super-manifest-fv2.xml'
Downloading manifest file 'https://github.com/Infineon/mtb-ce-manifest/raw/v2.X/mtb-ce-manifest.xml'
Downloading manifest file 'https://github.com/Infineon/mtb-ce-manifest/raw/v2.X/mtb-ce-manifest-fv2.xml'
Downloading manifest file 'https://github.com/Infineon/mtb-bt-app-manifest/raw/v2.X/mtb-bt-app-manifest.xml'
Downloading manifest file 'https://github.com/Infineon/mtb-bt-app-manifest/raw/v2.X/mtb-bt-app-manifest-fv2.xml'
Downloading manifest file 'https://github.com/Infineon/cce-app-manifest/raw/v2.X/cce-app-manifest-fv2.xml'
Downloading manifest file 'https://github.com/Altia-Marketing/altia-ce-manifest/raw/main/altia-ce-manifest-fv2.xml'
Downloading manifest file 'https://github.com/avnet-iotconnect/avnet-iotc-mtb-ce-manifest/raw/main/avnet-iotc-mtb-ce-manifest-fv2.xml'
Downloading manifest file 'https://github.com/CyberonEBU/cyberon-mtb-ce-manifest/raw/main/cyberon-mtb-ce-manifest-fv2.xml'
Downloading manifest file 'https://github.com/edgeimpulse/edgeimpulse-ce-manifest/raw/main/edgeimpulse-ce-manifest-fv2.xml'
Downloading manifest file 'https://github.com/golioth/mtb-golioth-ce-manifest/raw/main/mtb-golioth-ce-manifest-fv2.xml'
Downloading manifest file 'https://github.com/memfault/mtb-memfault-ce-manifest/raw/main/mtb-memfault-ce-manifest-fv2.xml'
Downloading manifest file 'https://github.com/rtlabs-com/mtb-rtlabs-manifest/raw/main/mtb-ce-manifest-fv2-rtlabs.xml'
Downloading manifest file 'https://github.com/RutronikSystemSolutions/rutronik-ce-manifest/raw/main/rutronik-ce-manifest-fv2.xml'
Downloading manifest file 'https://github.com/sensiml/sensiml-ce-manifest/raw/main/sensiml-ce-manifest-fv2.xml'
Downloading manifest file 'https://github.com/Infineon/mtb-bsp-manifest/raw/v2.X/mtb-bsp-manifest.xml'
Downloading manifest file 'https://github.com/Infineon/mtb-bsp-manifest/raw/v2.X/mtb-bsp-capabilities-manifest.json'
Downloading manifest file 'https://github.com/Infineon/mtb-bsp-manifest/raw/v2.X/mtb-bsp-manifest-fv2.xml'
Downloading manifest file 'https://github.com/Infineon/mtb-bsp-manifest/raw/v2.X/mtb-bsp-dependencies-manifest.xml'
Downloading manifest file 'https://github.com/Infineon/mtb-bt-bsp-manifest/raw/v2.X/mtb-bt-bsp-manifest.xml'
Downloading manifest file 'https://github.com/Infineon/mtb-bt-bsp-manifest/raw/v2.X/mtb-bt-bsp-manifest-fv2.xml'
Downloading manifest file 'https://github.com/Infineon/mtb-bt-bsp-manifest/raw/v2.X/mtb-bt-bsp-dependencies-manifest.xml'
Downloading manifest file 'https://github.com/Inventek/inventek-bsp-manifest/raw/main/inventek-bsp-manifest-fv2.xml'
Downloading manifest file 'https://github.com/Inventek/inventek-bsp-manifest/raw/main/inventek-bsp-dependencies-manifest.xml'
Downloading manifest file 'https://github.com/RutronikSystemSolutions/rutronik-bsp-manifest/raw/main/rutronik-bsp-manifest-fv2.xml'
Downloading manifest file 'https://github.com/RutronikSystemSolutions/rutronik-bsp-manifest/raw/main/rutronik-bsp-dependencies-manifest.xml'
Downloading manifest file 'https://github.com/Infineon/mtb-mw-manifest/raw/v2.X/mtb-mw-manifest.xml'
Downloading manifest file 'https://github.com/Infineon/mtb-mw-manifest/raw/v2.X/mtb-mw-manifest-fv2.xml'
Downloading manifest file 'https://github.com/Infineon/mtb-mw-manifest/raw/v2.X/mtb-mw-dependencies-manifest.xml'
Downloading manifest file 'https://github.com/Infineon/mtb-bt-mw-manifest/raw/v2.X/mtb-bt-mw-manifest.xml'
Downloading manifest file 'https://github.com/Infineon/mtb-bt-mw-manifest/raw/v2.X/mtb-bt-mw-manifest-fv2.xml'
Downloading manifest file 'https://github.com/Infineon/mtb-bt-mw-manifest/raw/v2.X/mtb-bt-mw-dependencies-manifest.xml'
Downloading manifest file 'https://github.com/Infineon/mtb-wifi-mw-manifest/raw/v2.X/mtb-wifi-mw-manifest.xml'
Downloading manifest file 'https://github.com/Infineon/mtb-wifi-mw-manifest/raw/v2.X/mtb-wifi-mw-manifest-fv2.xml'
Downloading manifest file 'https://github.com/Infineon/mtb-wifi-mw-manifest/raw/v2.X/mtb-wifi-mw-dependencies-manifest.xml'
Downloading manifest file 'https://github.com/avnet-iotconnect/avnet-iotc-mtb-mw-manifest/raw/main/avnet-iotc-mtb-mw-manifest-fv2.xml'
Downloading manifest file 'https://github.com/CyberonEBU/cyberon-mtb-mw-manifest/raw/main/cyberon-mtb-mw-manifest-fv2.xml'
Downloading manifest file 'https://github.com/golioth/mtb-golioth-mw-manifest/raw/main/mtb-golioth-mw-manifest-fv2.xml'
Downloading manifest file 'https://github.com/memfault/mtb-memfault-mw-manifest/raw/main/mtb-memfault-mw-manifest-fv2.xml'
Downloading manifest file 'https://github.com/rtlabs-com/mtb-rtlabs-manifest/raw/main/rtlabs-mtb-mw-manifest-fw2-rtlabs.xml'
Downloading manifest file 'https://github.com/sensiml/sensiml-mw-manifest/raw/main/sensiml-mw-manifest-fv2.xml'
Finished download of file 'https://github.com/Infineon/mtb-ce-manifest/raw/v2.X/mtb-ce-manifest.xml'
Finished download of file 'https://github.com/Infineon/mtb-ce-manifest/raw/v2.X/mtb-ce-manifest-fv2.xml'
Finished download of file 'https://github.com/Infineon/mtb-bt-app-manifest/raw/v2.X/mtb-bt-app-manifest.xml'
Finished download of file 'https://github.com/Infineon/mtb-bt-app-manifest/raw/v2.X/mtb-bt-app-manifest-fv2.xml'
Finished download of file 'https://github.com/Infineon/cce-app-manifest/raw/v2.X/cce-app-manifest-fv2.xml'
Finished download of file 'https://github.com/Altia-Marketing/altia-ce-manifest/raw/main/altia-ce-manifest-fv2.xml'
Finished download of file 'https://github.com/avnet-iotconnect/avnet-iotc-mtb-ce-manifest/raw/main/avnet-iotc-mtb-ce-manifest-fv2.xml'
Finished download of file 'https://github.com/CyberonEBU/cyberon-mtb-ce-manifest/raw/main/cyberon-mtb-ce-manifest-fv2.xml'
Finished download of file 'https://github.com/edgeimpulse/edgeimpulse-ce-manifest/raw/main/edgeimpulse-ce-manifest-fv2.xml'
Finished download of file 'https://github.com/golioth/mtb-golioth-ce-manifest/raw/main/mtb-golioth-ce-manifest-fv2.xml'
Finished download of file 'https://github.com/memfault/mtb-memfault-ce-manifest/raw/main/mtb-memfault-ce-manifest-fv2.xml'
Finished download of file 'https://github.com/rtlabs-com/mtb-rtlabs-manifest/raw/main/mtb-ce-manifest-fv2-rtlabs.xml'
Finished download of file 'https://github.com/RutronikSystemSolutions/rutronik-ce-manifest/raw/main/rutronik-ce-manifest-fv2.xml'
Finished download of file 'https://github.com/sensiml/sensiml-ce-manifest/raw/main/sensiml-ce-manifest-fv2.xml'
Finished download of file 'https://github.com/Infineon/mtb-bsp-manifest/raw/v2.X/mtb-bsp-manifest.xml'
Finished download of file 'https://github.com/Infineon/mtb-bsp-manifest/raw/v2.X/mtb-bsp-capabilities-manifest.json'
Finished download of file 'https://github.com/Infineon/mtb-bsp-manifest/raw/v2.X/mtb-bsp-manifest-fv2.xml'
Finished download of file 'https://github.com/Infineon/mtb-bsp-manifest/raw/v2.X/mtb-bsp-dependencies-manifest.xml'
Finished download of file 'https://github.com/Infineon/mtb-bt-bsp-manifest/raw/v2.X/mtb-bt-bsp-manifest.xml'
Finished download of file 'https://github.com/Infineon/mtb-bt-bsp-manifest/raw/v2.X/mtb-bt-bsp-manifest-fv2.xml'
Finished download of file 'https://github.com/Infineon/mtb-bt-bsp-manifest/raw/v2.X/mtb-bt-bsp-dependencies-manifest.xml'
Finished download of file 'https://github.com/Inventek/inventek-bsp-manifest/raw/main/inventek-bsp-manifest-fv2.xml'
Finished download of file 'https://github.com/Inventek/inventek-bsp-manifest/raw/main/inventek-bsp-dependencies-manifest.xml'
Finished download of file 'https://github.com/RutronikSystemSolutions/rutronik-bsp-manifest/raw/main/rutronik-bsp-manifest-fv2.xml'
Finished download of file 'https://github.com/RutronikSystemSolutions/rutronik-bsp-manifest/raw/main/rutronik-bsp-dependencies-manifest.xml'
Finished download of file 'https://github.com/Infineon/mtb-mw-manifest/raw/v2.X/mtb-mw-manifest.xml'
Finished download of file 'https://github.com/Infineon/mtb-mw-manifest/raw/v2.X/mtb-mw-manifest-fv2.xml'
Finished download of file 'https://github.com/Infineon/mtb-mw-manifest/raw/v2.X/mtb-mw-dependencies-manifest.xml'
Finished download of file 'https://github.com/Infineon/mtb-bt-mw-manifest/raw/v2.X/mtb-bt-mw-manifest.xml'
Finished download of file 'https://github.com/Infineon/mtb-bt-mw-manifest/raw/v2.X/mtb-bt-mw-manifest-fv2.xml'
Finished download of file 'https://github.com/Infineon/mtb-bt-mw-manifest/raw/v2.X/mtb-bt-mw-dependencies-manifest.xml'
Finished download of file 'https://github.com/Infineon/mtb-wifi-mw-manifest/raw/v2.X/mtb-wifi-mw-manifest.xml'
Finished download of file 'https://github.com/Infineon/mtb-wifi-mw-manifest/raw/v2.X/mtb-wifi-mw-manifest-fv2.xml'
Finished download of file 'https://github.com/Infineon/mtb-wifi-mw-manifest/raw/v2.X/mtb-wifi-mw-dependencies-manifest.xml'
Finished download of file 'https://github.com/avnet-iotconnect/avnet-iotc-mtb-mw-manifest/raw/main/avnet-iotc-mtb-mw-manifest-fv2.xml'
Finished download of file 'https://github.com/CyberonEBU/cyberon-mtb-mw-manifest/raw/main/cyberon-mtb-mw-manifest-fv2.xml'
Finished download of file 'https://github.com/golioth/mtb-golioth-mw-manifest/raw/main/mtb-golioth-mw-manifest-fv2.xml'
Finished download of file 'https://github.com/memfault/mtb-memfault-mw-manifest/raw/main/mtb-memfault-mw-manifest-fv2.xml'
Finished download of file 'https://github.com/rtlabs-com/mtb-rtlabs-manifest/raw/main/rtlabs-mtb-mw-manifest-fw2-rtlabs.xml'
Finished download of file 'https://github.com/sensiml/sensiml-mw-manifest/raw/main/sensiml-mw-manifest-fv2.xml'
Finished loading the manifest data (3180 ms)
0 error(s), 0 warning(s)

Summary: 

BSP: CY8CKIT-062-BLE
Template Application(s): Empty App
Application(s) Root Path: C:/Users/Kushi/mtw

Press "Create" to create the selected application(s).

Collecting application data...

Info: The following entered on the command line will create the exact same project as that created with the GUI tool:
C:/Users/Kushi/ModusToolbox/tools_3.4/project-creator/project-creator-cli.exe --board-id CY8CKIT-062-BLE --board-uri https://github.com/cypresssemiconductorco/TARGET_CY8CKIT-062-BLE --board-commit latest-v4.X --app-id mtb-example-empty-app --app-uri https://github.com/Infineon/mtb-example-empty-app --app-commit latest-v4.X --target-dir C:/Users/Kushi/mtw --user-app-name adc_oled --use-modus-shell
Starting application creation for 'C:/Users/Kushi/mtw/adc_oled'.
Acquiring the application source 'https://github.com/Infineon/mtb-example-empty-app'.
Git#0>Cloning into 'adc_oled'...
Git#0>remote: Enumerating objects: 44, done.        
Git#0>remote: Counting objects:   3% (1/29)        
Git#0>remote: Counting objects:   6% (2/29)        
Git#0>remote: Counting objects:  10% (3/29)        
Git#0>remote: Counting objects:  13% (4/29)        
Git#0>remote: Counting objects:  17% (5/29)        
Git#0>remote: Counting objects:  20% (6/29)        
Git#0>remote: Counting objects:  24% (7/29)        
Git#0>remote: Counting objects:  27% (8/29)        
Git#0>remote: Counting objects:  31% (9/29)        
Git#0>remote: Counting objects:  34% (10/29)        
Git#0>remote: Counting objects:  37% (11/29)        
Git#0>remote: Counting objects:  41% (12/29)        
Git#0>remote: Counting objects:  44% (13/29)        
Git#0>remote: Counting objects:  48% (14/29)        
Git#0>remote: Counting objects:  51% (15/29)        
Git#0>remote: Counting objects:  55% (16/29)        
Git#0>remote: Counting objects:  58% (17/29)        
Git#0>remote: Counting objects:  62% (18/29)        
Git#0>remote: Counting objects:  65% (19/29)        
Git#0>remote: Counting objects:  68% (20/29)        
Git#0>remote: Counting objects:  72% (21/29)        
Git#0>remote: Counting objects:  75% (22/29)        
Git#0>remote: Counting objects:  79% (23/29)        
Git#0>remote: Counting objects:  82% (24/29)        
Git#0>remote: Counting objects:  86% (25/29)        
Git#0>remote: Counting objects:  89% (26/29)        
Git#0>remote: Counting objects:  93% (27/29)        
Git#0>remote: Counting objects:  96% (28/29)        
Git#0>remote: Counting objects: 100% (29/29)        
Git#0>remote: Counting objects: 100% (29/29), done.        
Git#0>remote: Compressing objects:   4% (1/24)        
Git#0>remote: Compressing objects:   8% (2/24)        
Git#0>remote: Compressing objects:  12% (3/24)        
Git#0>remote: Compressing objects:  16% (4/24)        
Git#0>remote: Compressing objects:  20% (5/24)        
Git#0>remote: Compressing objects:  25% (6/24)        
Git#0>remote: Compressing objects:  29% (7/24)        
Git#0>remote: Compressing objects:  33% (8/24)        
Git#0>remote: Compressing objects:  37% (9/24)        
Git#0>remote: Compressing objects:  41% (10/24)        
Git#0>remote: Compressing objects:  45% (11/24)        
Git#0>remote: Compressing objects:  50% (12/24)        
Git#0>remote: Compressing objects:  54% (13/24)        
Git#0>remote: Compressing objects:  58% (14/24)        
Git#0>remote: Compressing objects:  62% (15/24)        
Git#0>remote: Compressing objects:  66% (16/24)        
Git#0>remote: Compressing objects:  70% (17/24)        
Git#0>remote: Compressing objects:  75% (18/24)        
Git#0>remote: Compressing objects:  79% (19/24)        
Git#0>remote: Compressing objects:  83% (20/24)        
Git#0>remote: Compressing objects:  87% (21/24)        
Git#0>remote: Compressing objects:  91% (22/24)        
Git#0>remote: Compressing objects:  95% (23/24)        
Git#0>remote: Compressing objects: 100% (24/24)        
Git#0>remote: Compressing objects: 100% (24/24), done.        
Git#0>remote: Total 44 (delta 10), reused 22 (delta 5), pack-reused 15 (from 1)        
Git#0>Receiving objects:   2% (1/44)
Git#0>Receiving objects:   4% (2/44)
Git#0>Receiving objects:   6% (3/44)
Git#0>Receiving objects:   9% (4/44)
Git#0>Receiving objects:  11% (5/44)
Git#0>Receiving objects:  13% (6/44)
Git#0>Receiving objects:  15% (7/44)
Git#0>Receiving objects:  18% (8/44)
Git#0>Receiving objects:  20% (9/44)
Git#0>Receiving objects:  22% (10/44)
Git#0>Receiving objects:  25% (11/44)
Git#0>Receiving objects:  27% (12/44)
Git#0>Receiving objects:  29% (13/44)
Git#0>Receiving objects:  31% (14/44)
Git#0>Receiving objects:  34% (15/44)
Git#0>Receiving objects:  36% (16/44)
Git#0>Receiving objects:  38% (17/44)
Git#0>Receiving objects:  40% (18/44)
Git#0>Receiving objects:  43% (19/44)
Git#0>Receiving objects:  45% (20/44)
Git#0>Receiving objects:  47% (21/44)
Git#0>Receiving objects:  50% (22/44)
Git#0>Receiving objects:  52% (23/44)
Git#0>Receiving objects:  54% (24/44)
Git#0>Receiving objects:  56% (25/44)
Git#0>Receiving objects:  59% (26/44)
Git#0>Receiving objects:  61% (27/44)
Git#0>Receiving objects:  63% (28/44)
Git#0>Receiving objects:  65% (29/44)
Git#0>Receiving objects:  68% (30/44)
Git#0>Receiving objects:  70% (31/44)
Git#0>Receiving objects:  72% (32/44)
Git#0>Receiving objects:  75% (33/44)
Git#0>Receiving objects:  77% (34/44)
Git#0>Receiving objects:  79% (35/44)
Git#0>Receiving objects:  81% (36/44)
Git#0>Receiving objects:  84% (37/44)
Git#0>Receiving objects:  86% (38/44)
Git#0>Receiving objects:  88% (39/44)
Git#0>Receiving objects:  90% (40/44)
Git#0>Receiving objects:  93% (41/44)
Git#0>Receiving objects:  95% (42/44)
Git#0>Receiving objects:  97% (43/44)
Git#0>Receiving objects: 100% (44/44)
Git#0>Receiving objects: 100% (44/44), 6.48 KiB | 316.00 KiB/s, done.
Git#0>Resolving deltas:   0% (0/11)
Git#0>Resolving deltas:   9% (1/11)
Git#0>Resolving deltas:  18% (2/11)
Git#0>Resolving deltas:  27% (3/11)
Git#0>Resolving deltas:  36% (4/11)
Git#0>Resolving deltas:  45% (5/11)
Git#0>Resolving deltas:  54% (6/11)
Git#0>Resolving deltas:  63% (7/11)
Git#0>Resolving deltas:  72% (8/11)
Git#0>Resolving deltas:  81% (9/11)
Git#0>Resolving deltas:  90% (10/11)
Git#0>Resolving deltas: 100% (11/11)
Git#0>Resolving deltas: 100% (11/11), done.
Git#1>Updating files:  28% (2/7)
Git#1>Updating files:  42% (3/7)
Git#1>Updating files:  57% (4/7)
Git#1>Updating files:  71% (5/7)
Git#1>Updating files:  85% (6/7)
Git#1>Updating files: 100% (7/7)
Git#1>Updating files: 100% (7/7), done.
Git#1>HEAD is now at 36b22d4 Upload mtb-example-empty-app [2792]
Acquired application source successfully.
Loading the application.
Loaded the application successfully.
Processing project 'adc_oled'.
Starting to commit changes to the filesystem and project 'mtb-example-empty-app'.
Writing mtb file for asset 'CY8CKIT-062-BLE' to the folder 'C:/Users/Kushi/mtw/adc_oled/deps'.
Writing mtb file for asset 'cat1cm0p' to the folder 'C:/Users/Kushi/mtw/adc_oled/libs'.
Writing mtb file for asset 'core-lib' to the folder 'C:/Users/Kushi/mtw/adc_oled/libs'.
Writing mtb file for asset 'core-make' to the folder 'C:/Users/Kushi/mtw/adc_oled/libs'.
Writing mtb file for asset 'mtb-hal-cat1' to the folder 'C:/Users/Kushi/mtw/adc_oled/libs'.
Writing mtb file for asset 'mtb-pdl-cat1' to the folder 'C:/Users/Kushi/mtw/adc_oled/libs'.
Writing mtb file for asset 'recipe-make-cat1a' to the folder 'C:/Users/Kushi/mtw/adc_oled/libs'.
Writing mtb file for asset 'cmsis' to the folder 'C:/Users/Kushi/mtw/adc_oled/libs'.
Writing mtb file for asset 'device-db' to the folder 'C:/Users/Kushi/mtw/adc_oled/libs'.
Git#2>Starting: git -C C:/Users/Kushi/mtw/adc_oled/libs clone --progress --origin cypress --no-checkout --filter=blob:none https://github.com/cypresssemiconductorco/TARGET_CY8CKIT-062-BLE TARGET_CY8CKIT-062-BLE
Git#3>Starting: git -C C:/Users/Kushi/mtw/mtb_shared/cat1cm0p/release-v1.8.0 -c advice.detachedHead=false checkout --progress release-v1.8.0
Git#4>Starting: git -C C:/Users/Kushi/mtw/mtb_shared/core-lib/release-v1.4.3 -c advice.detachedHead=false checkout --progress release-v1.4.3
Git#5>Starting: git -C C:/Users/Kushi/mtw/mtb_shared/core-make/release-v3.5.1 -c advice.detachedHead=false checkout --progress release-v3.5.1
Git#2>Cloning into 'TARGET_CY8CKIT-062-BLE'...
Git#2>remote: Enumerating objects: 172, done.        
Git#2>remote: Counting objects:   2% (1/49)        
Git#2>remote: Counting objects:   4% (2/49)        
Git#2>remote: Counting objects:   6% (3/49)        
Git#2>remote: Counting objects:   8% (4/49)        
Git#2>remote: Counting objects:  10% (5/49)        
Git#2>remote: Counting objects:  12% (6/49)        
Git#2>remote: Counting objects:  14% (7/49)        
Git#2>remote: Counting objects:  16% (8/49)        
Git#2>remote: Counting objects:  18% (9/49)        
Git#2>remote: Counting objects:  20% (10/49)        
Git#2>remote: Counting objects:  22% (11/49)        
Git#2>remote: Counting objects:  24% (12/49)        
Git#2>remote: Counting objects:  26% (13/49)        
Git#2>remote: Counting objects:  28% (14/49)        
Git#2>remote: Counting objects:  30% (15/49)        
Git#2>remote: Counting objects:  32% (16/49)        
Git#2>remote: Counting objects:  34% (17/49)        
Git#2>remote: Counting objects:  36% (18/49)        
Git#2>remote: Counting objects:  38% (19/49)        
Git#2>remote: Counting objects:  40% (20/49)        
Git#2>remote: Counting objects:  42% (21/49)        
Git#2>remote: Counting objects:  44% (22/49)        
Git#2>remote: Counting objects:  46% (23/49)        
Git#2>remote: Counting objects:  48% (24/49)        
Git#2>remote: Counting objects:  51% (25/49)        
Git#2>remote: Counting objects:  53% (26/49)        
Git#2>remote: Counting objects:  55% (27/49)        
Git#2>remote: Counting objects:  57% (28/49)        
Git#2>remote: Counting objects:  59% (29/49)        
Git#2>remote: Counting objects:  61% (30/49)        
Git#2>remote: Counting objects:  63% (31/49)        
Git#2>remote: Counting objects:  65% (32/49)        
Git#2>remote: Counting objects:  67% (33/49)        
Git#2>remote: Counting objects:  69% (34/49)        
Git#2>remote: Counting objects:  71% (35/49)        
Git#2>remote: Counting objects:  73% (36/49)        
Git#2>remote: Counting objects:  75% (37/49)        
Git#2>remote: Counting objects:  77% (38/49)        
Git#2>remote: Counting objects:  79% (39/49)        
Git#2>remote: Counting objects:  81% (40/49)        
Git#2>remote: Counting objects:  83% (41/49)        
Git#2>remote: Counting objects:  85% (42/49)        
Git#2>remote: Counting objects:  87% (43/49)        
Git#2>remote: Counting objects:  89% (44/49)        
Git#2>remote: Counting objects:  91% (45/49)        
Git#2>remote: Counting objects:  93% (46/49)        
Git#2>remote: Counting objects:  95% (47/49)        
Git#2>remote: Counting objects:  97% (48/49)        
Git#2>remote: Counting objects: 100% (49/49)        
Git#2>remote: Counting objects: 100% (49/49), done.        
Git#2>remote: Compressing objects:   2% (1/40)        
Git#2>remote: Compressing objects:   5% (2/40)        
Git#2>remote: Compressing objects:   7% (3/40)        
Git#2>remote: Compressing objects:  10% (4/40)        
Git#2>remote: Compressing objects:  12% (5/40)        
Git#2>remote: Compressing objects:  15% (6/40)        
Git#2>remote: Compressing objects:  17% (7/40)        
Git#2>remote: Compressing objects:  20% (8/40)        
Git#2>remote: Compressing objects:  22% (9/40)        
Git#2>remote: Compressing objects:  25% (10/40)        
Git#2>remote: Compressing objects:  27% (11/40)        
Git#2>remote: Compressing objects:  30% (12/40)        
Git#2>remote: Compressing objects:  32% (13/40)        
Git#2>remote: Compressing objects:  35% (14/40)        
Git#2>remote: Compressing objects:  37% (15/40)        
Git#2>remote: Compressing objects:  40% (16/40)        
Git#2>remote: Compressing objects:  42% (17/40)        
Git#2>remote: Compressing objects:  45% (18/40)        
Git#2>remote: Compressing objects:  47% (19/40)        
Git#2>remote: Compressing objects:  50% (20/40)        
Git#2>remote: Compressing objects:  52% (21/40)        
Git#2>remote: Compressing objects:  55% (22/40)        
Git#2>remote: Compressing objects:  57% (23/40)        
Git#2>remote: Compressing objects:  60% (24/40)        
Git#2>remote: Compressing objects:  62% (25/40)        
Git#2>remote: Compressing objects:  65% (26/40)        
Git#2>remote: Compressing objects:  67% (27/40)        
Git#2>remote: Compressing objects:  70% (28/40)        
Git#2>remote: Compressing objects:  72% (29/40)        
Git#2>remote: Compressing objects:  75% (30/40)        
Git#2>remote: Compressing objects:  77% (31/40)        
Git#2>remote: Compressing objects:  80% (32/40)        
Git#2>remote: Compressing objects:  82% (33/40)        
Git#2>remote: Compressing objects:  85% (34/40)        
Git#2>remote: Compressing objects:  87% (35/40)        
Git#2>remote: Compressing objects:  90% (36/40)        
Git#2>remote: Compressing objects:  92% (37/40)        
Git#2>remote: Compressing objects:  95% (38/40)        
Git#2>remote: Compressing objects:  97% (39/40)        
Git#2>remote: Compressing objects: 100% (40/40)        
Git#2>remote: Compressing objects: 100% (40/40), done.        
Git#2>Receiving objects:   0% (1/172)
Git#2>Receiving objects:   1% (2/172)
Git#2>Receiving objects:   2% (4/172)
Git#2>Receiving objects:   3% (6/172)
Git#2>Receiving objects:   4% (7/172)
Git#2>Receiving objects:   5% (9/172)
Git#2>Receiving objects:   6% (11/172)
Git#2>Receiving objects:   7% (13/172)
Git#2>Receiving objects:   8% (14/172)
Git#2>Receiving objects:   9% (16/172)
Git#2>Receiving objects:  10% (18/172)
Git#2>Receiving objects:  11% (19/172)
Git#2>Receiving objects:  12% (21/172)
Git#2>Receiving objects:  13% (23/172)
Git#2>Receiving objects:  14% (25/172)
Git#2>Receiving objects:  15% (26/172)
Git#2>Receiving objects:  16% (28/172)
Git#2>Receiving objects:  17% (30/172)
Git#2>Receiving objects:  18% (31/172)
Git#2>Receiving objects:  19% (33/172)
Git#2>Receiving objects:  20% (35/172)
Git#2>Receiving objects:  21% (37/172)
Git#2>Receiving objects:  22% (38/172)
Git#2>Receiving objects:  23% (40/172)
Git#2>Receiving objects:  24% (42/172)
Git#2>Receiving objects:  25% (43/172)
Git#2>Receiving objects:  26% (45/172)
Git#2>Receiving objects:  27% (47/172)
Git#2>Receiving objects:  28% (49/172)
Git#2>Receiving objects:  29% (50/172)
Git#2>Receiving objects:  30% (52/172)
Git#2>Receiving objects:  31% (54/172)
Git#2>Receiving objects:  32% (56/172)
Git#2>Receiving objects:  33% (57/172)
Git#2>Receiving objects:  34% (59/172)
Git#2>Receiving objects:  35% (61/172)
Git#2>Receiving objects:  36% (62/172)
Git#2>Receiving objects:  37% (64/172)
Git#2>Receiving objects:  38% (66/172)
Git#2>Receiving objects:  39% (68/172)
Git#2>Receiving objects:  40% (69/172)
Git#2>Receiving objects:  41% (71/172)
Git#2>Receiving objects:  42% (73/172)
Git#2>Receiving objects:  43% (74/172)
Git#2>Receiving objects:  44% (76/172)
Git#2>Receiving objects:  45% (78/172)
Git#2>Receiving objects:  46% (80/172)
Git#2>Receiving objects:  47% (81/172)
Git#2>Receiving objects:  48% (83/172)
Git#2>Receiving objects:  49% (85/172)
Git#2>Receiving objects:  50% (86/172)
Git#2>Receiving objects:  51% (88/172)
Git#2>Receiving objects:  52% (90/172)
Git#2>Receiving objects:  53% (92/172)
Git#2>Receiving objects:  54% (93/172)
Git#2>Receiving objects:  55% (95/172)
Git#2>Receiving objects:  56% (97/172)
Git#2>Receiving objects:  57% (99/172)
Git#2>Receiving objects:  58% (100/172)
Git#2>Receiving objects:  59% (102/172)
Git#2>Receiving objects:  60% (104/172)
Git#2>Receiving objects:  61% (105/172)
Git#2>Receiving objects:  62% (107/172)
Git#2>Receiving objects:  63% (109/172)
Git#2>Receiving objects:  64% (111/172)
Git#2>Receiving objects:  65% (112/172)
Git#2>Receiving objects:  66% (114/172)
Git#2>Receiving objects:  67% (116/172)
Git#2>Receiving objects:  68% (117/172)
Git#2>Receiving objects:  69% (119/172)
Git#2>Receiving objects:  70% (121/172)
Git#2>Receiving objects:  71% (123/172)
Git#2>Receiving objects:  72% (124/172)
Git#2>Receiving objects:  73% (126/172)
Git#2>Receiving objects:  74% (128/172)
Git#2>Receiving objects:  75% (129/172)
Git#2>Receiving objects:  76% (131/172)
Git#2>Receiving objects:  77% (133/172)
Git#2>Receiving objects:  78% (135/172)
Git#2>Receiving objects:  79% (136/172)
Git#2>Receiving objects:  80% (138/172)
Git#2>Receiving objects:  81% (140/172)
Git#2>Receiving objects:  82% (142/172)
Git#2>Receiving objects:  83% (143/172)
Git#2>Receiving objects:  84% (145/172)
Git#2>Receiving objects:  85% (147/172)
Git#2>Receiving objects:  86% (148/172)
Git#2>remote: Total 172 (delta 12), reused 43 (delta 9), pack-reused 123 (from 1)        
Git#2>Receiving objects:  87% (150/172)
Git#2>Receiving objects:  88% (152/172)
Git#2>Receiving objects:  89% (154/172)
Git#2>Receiving objects:  90% (155/172)
Git#2>Receiving objects:  91% (157/172)
Git#2>Receiving objects:  92% (159/172)
Git#2>Receiving objects:  93% (160/172)
Git#2>Receiving objects:  94% (162/172)
Git#2>Receiving objects:  95% (164/172)
Git#2>Receiving objects:  96% (166/172)
Receiving objects
Git#2>:  97% (167/172)
Git#2>Receiving objects:  98% (169/172)
Git#2>Receiving objects:  99% (171/172)
Git#2>Receiving objects: 100% (172/172)
Git#2>Receiving objects: 100% (172/172), 36.08 KiB | 1.39 MiB/s, done.
Git#2>Resolving deltas:   0% (0/38)
Git#2>Resolving deltas:   2% (1/38)
Git#2>Resolving deltas:   5% (2/38)
Git#2>Resolving deltas:   7% (3/38)
Git#2>Resolving deltas:  10% (4/38)
Git#2>Resolving deltas:  13% (5/38)
Git#2>Resolving deltas:  15% (6/38)
Git#2>Resolving deltas:  18% (7/38)
Git#2>Resolving deltas:  21% (8/38)
Git#2>Resolving deltas:  23% (9/38)
Git#2>Resolving deltas:  26% (10/38)
Git#2>Resolving deltas:  28% (11/38)
Git#2>Resolving deltas:  31% (12/38)
Git#2>Resolving deltas:  34% (13/38)
Git#2>Resolving deltas:  36% (14/38)
Git#2>Resolving deltas:  39% (15/38)
Git#2>Resolving deltas:  42% (16/38)
Git#2>Resolving deltas:  44% (17/38)
Git#2>Resolving deltas:  47% (18/38)
Git#2>Resolving deltas:  50% (19/38)
Git#2>Resolving deltas:  52% (20/38)
Git#2>Resolving deltas:  55% (21/38)
Git#2>Resolving deltas:  57% (22/38)
Git#2>Resolving deltas:  60% (23/38)
Git#2>Resolving deltas:  63% (24/38)
Git#2>Resolving deltas:  65% (25/38)
Resolving deltas: 
Git#2> 68% (26/38)
Git#2>Resolving deltas:  71% (27/38)
Git#2>Resolving deltas:  73% (28/38)
Git#2>Resolving deltas:  76% (29/38)
Git#2>Resolving deltas:  78% (30/38)
Git#2>Resolving deltas:  81% (31/38)
Git#2>Resolving deltas:  84% (32/38)
Git#2>Resolving deltas:  86% (33/38)
Git#2>Resolving deltas:  89% (34/38)
Git#2>Resolving deltas:  92% (35/38)
Git#2>Resolving deltas:  94% (36/38)
Git#2>Resolving deltas:  97% (37/38)
Git#2>Resolving deltas: 100% (38/38)
Git#2>Resolving deltas: 100% (38/38), done.
Git#2>Success: git -C C:/Users/Kushi/mtw/adc_oled/libs clone --progress --origin cypress --no-checkout --filter=blob:none https://github.com/cypresssemiconductorco/TARGET_CY8CKIT-062-BLE TARGET_CY8CKIT-062-BLE
Git#6>Starting: git -C C:/Users/Kushi/mtw/mtb_shared/mtb-hal-cat1/release-v2.6.2 -c advice.detachedHead=false checkout --progress release-v2.6.2
Git#5>HEAD is now at 1ec0dc5 Upload core-make 3.5.1.6513 [3178]
Git#5>Success: git -C C:/Users/Kushi/mtw/mtb_shared/core-make/release-v3.5.1 -c advice.detachedHead=false checkout --progress release-v3.5.1
Git#7>Starting: git -C C:/Users/Kushi/mtw/mtb_shared/mtb-pdl-cat1/release-v3.15.1 -c advice.detachedHead=false checkout --progress release-v3.15.1
Git#4>HEAD is now at 1603b9b Upload core-lib [3062]
Git#4>Success: git -C C:/Users/Kushi/mtw/mtb_shared/core-lib/release-v1.4.3 -c advice.detachedHead=false checkout --progress release-v1.4.3
Git#8>Starting: git -C C:/Users/Kushi/mtw/mtb_shared/recipe-make-cat1a/release-v2.4.0 -c advice.detachedHead=false checkout --progress release-v2.4.0
HEAD is now at
Git#3> bc2632e Upload cat1cm0p 1.8.0.508 [3108]
Git#3>Success: git -C C:/Users/Kushi/mtw/mtb_shared/cat1cm0p/release-v1.8.0 -c advice.detachedHead=false checkout --progress release-v1.8.0
Git#9>Starting: git -C C:/Users/Kushi/mtw/mtb_shared/cmsis/release-v5.8.2 -c advice.detachedHead=false checkout --progress release-v5.8.2
Git#8>HEAD is now at 7cffe29 Upload recipe-make-cat1a 2.4.0.6451 [3142]
Git#8>Success: git -C C:/Users/Kushi/mtw/mtb_shared/recipe-make-cat1a/release-v2.4.0 -c advice.detachedHead=false checkout --progress release-v2.4.0
Git#10>Starting: git -C C:/Users/Kushi/.modustoolbox/global/device-db/release-v4.21.0 -c advice.detachedHead=false checkout --progress release-v4.21.0
Git#10>HEAD is now at 516d3c46 Upload device-db 4.21.0.7643 [3221]
Git#10>Success: git -C C:/Users/Kushi/.modustoolbox/global/device-db/release-v4.21.0 -c advice.detachedHead=false checkout --progress release-v4.21.0
Git#11>Starting: git -C C:/Users/Kushi/mtw/adc_oled/libs/TARGET_CY8CKIT-062-BLE -c advice.detachedHead=false checkout --progress release-v4.2.0
Git#11>Updating files:   1% (2/156)
Git#11>Updating files:   2% (4/156)
Git#11>Updating files:   3% (5/156)
Git#11>Updating files:   4% (7/156)
Git#11>Updating files:   5% (8/156)
Git#11>Updating files:   6% (10/156)
Git#11>Updating files:   7% (11/156)
Git#11>Updating files:   8% (13/156)
Git#11>Updating files:   9% (15/156)
Git#11>Updating files:  10% (16/156)
Git#11>Updating files:  11% (18/156)
Git#11>Updating files:  12% (19/156)
Git#11>Updating files:  13% (21/156)
Git#11>Updating files:  14% (22/156)
Git#11>Updating files:  15% (24/156)
Git#11>Updating files:  16% (25/156)
Git#11>Updating files:  16% (26/156)
Git#11>Updating files:  17% (27/156)
Git#11>Updating files:  18% (29/156)
Git#11>Updating files:  19% (30/156)
Git#11>Updating files:  20% (32/156)
Git#11>Updating files:  21% (33/156)
Git#11>Updating files:  22% (35/156)
Git#11>Updating files:  23% (36/156)
Git#11>Updating files:  24% (38/156)
Git#11>Updating files:  25% (39/156)
Git#11>Updating files:  26% (41/156)
Git#11>Updating files:  27% (43/156)
Git#11>Updating files:  28% (44/156)
Git#11>Updating files:  29% (46/156)
Updating files
Git#11>:  30% (47/156)
Git#11>Updating files:  31% (49/156)
Git#11>Updating files:  32% (50/156)
Git#11>Updating files:  33% (52/156)
Updating files
Git#11>:  34% (54/156)
Git#11>Updating files:  35% (55/156)
Git#11>Updating files:  36% (57/156)
Updating files
Git#11>:  37% (58/156)
Updating files
: 
Git#11> 37% (59/156)
Git#11>Updating files:  38% (60/156)
Git#11>Updating files:  39% (61/156)
Git#11>Updating files:  40% (63/156)
Git#11>Updating files:  41% (64/156)
Updating files
Git#11>:  42% (66/156)
Git#11>Updating files:  43% (68/156)
Updating files
Git#11>:  44% (69/156)
Git#11>Updating files:  45% (71/156)
Updating files
Git#11>:  46% (72/156)
Updating files
Git#11>:  47% (74/156)
Git#11>Updating files:  48% (75/156)
Git#11>Updating files:  49% (77/156)
Git#11>Updating files:  50% (78/156)
Git#11>Updating files:  50% (79/156)
Git#11>Updating files:  51% (80/156)
Updating files
Git#11>:  52% (82/156)
Updating files
Git#11>:  53% (83/156)
Git#11>Updating files:  54% (85/156)
Git#11>Updating files:  55% (86/156)
Git#11>Updating files:  56% (88/156)
Git#11>Updating files:  57% (89/156)
Updating files:  58% (91/156)
Git#11>
Git#11>Updating files:  59% (93/156)
Updating files
Git#11>:  60% (94/156)
Git#11>Updating files:  61% (96/156)
Updating files
Git#11>:  62% (97/156)
Git#11>Updating files:  63% (99/156)
Updating files
Git#11>:  64% (100/156)
Updating files
Git#11>:  65% (102/156)
Git#11>Updating files:  66% (103/156)
Git#11>Updating files:  67% (105/156)
Git#11>Updating files:  68% (107/156)
Updating files
Git#11>:  69% (108/156)
Git#11>Updating files:  70% (110/156)
Git#11>Updating files:  71% (111/156)
Git#11>Updating files:  72% (113/156)
Updating files
Git#11>:  73% (114/156)
Updating files
Git#11>:  74% (116/156)
Git#11>Updating files:  75% (117/156)
Updating files
Git#11>:  76% (119/156)
Updating files
Git#11>:  77% (121/156)
Git#11>Updating files:  78% (122/156)
Updating files
Git#11>:  79% (124/156)
Git#11>Updating files:  80% (125/156)
Updating files
Git#11>:  81% (127/156)
Updating files
Git#11>:  82% (128/156)
Updating files
Git#11>:  83% (130/156)
Git#11>Updating files:  84% (132/156)
Updating files
Git#11>:  85% (133/156)
Git#11>Updating files:  86% (135/156)
Git#11>Updating files:  87% (136/156)
Git#11>Updating files:  88% (138/156)
Git#11>Updating files:  89% (139/156)
Git#11>Updating files:  90% (141/156)
Git#11>Updating files:  91% (142/156)
Git#11>Updating files:  92% (144/156)
Git#11>Updating files:  93% (146/156)
Git#11>Updating files:  94% (147/156)
Git#11>Updating files:  95% (149/156)
Git#11>Updating files:  96% (150/156)
Git#11>Updating files:  97% (152/156)
Git#11>Updating files:  98% (153/156)
Git#11>Updating files:  99% (155/156)
Git#11>Updating files: 100% (156/156)
Git#11>Updating files: 100% (156/156), done.
Git#11>HEAD is now at e0804f0 Upload TARGET_CY8CKIT-062-BLE [1515]
Git#11>Success: git -C C:/Users/Kushi/mtw/adc_oled/libs/TARGET_CY8CKIT-062-BLE -c advice.detachedHead=false checkout --progress release-v4.2.0
Git#9>HEAD is now at 89700d7 Upload cmsis 5.8.2.133 [3108]
Git#9>Success: git -C C:/Users/Kushi/mtw/mtb_shared/cmsis/release-v5.8.2 -c advice.detachedHead=false checkout --progress release-v5.8.2
Git#7>HEAD is now at a4711ad Upload mtb-pdl-cat1 3.15.1.40763 [3344]
Git#7>Success: git -C C:/Users/Kushi/mtw/mtb_shared/mtb-pdl-cat1/release-v3.15.1 -c advice.detachedHead=false checkout --progress release-v3.15.1
Git#6>HEAD is now at 14e7f49 Upload mtb-hal-cat1 [3108]
Git#6>Success: git -C C:/Users/Kushi/mtw/mtb_shared/mtb-hal-cat1/release-v2.6.2 -c advice.detachedHead=false checkout --progress release-v2.6.2
Requested to change the active target to 'APP_CY8CKIT-062-BLE'.
Removed the file 'C:/Users/Kushi/mtw/adc_oled/deps/TARGET_CY8CKIT-062-BLE.mtb'.
Writing the file 'C:/Users/Kushi/mtw/adc_oled/libs/app.mk'.
Successfully committed changes to the project 'mtb-example-empty-app'.
Project "adc_oled" created successfully.
Successfully created "adc_oled" application.
==============================================================================
= Export "adc_oled" application to Eclipse IDE for ModusToolbox™ =
==============================================================================
make eclipse CY_IDE_PRJNAME=adc_oled CY_MAKE_IDE=eclipse CY_MAKE_IDE_VERSION=3.4 CY_TOOLS_PATHS=C:/Users/Kushi/ModusToolbox/tools_3.4 MTB_MAKE_ECLIPSE_FORCE_REGENERATE_PROJECT=1
Tools Directory: C:/Users/Kushi/ModusToolbox/tools_3.4
Searching installed tools in progress...
Searching installed tools complete
Prebuild operations complete
Toolchain validation: PASS
Initializing build: mtb-example-empty-app Debug APP_CY8CKIT-062-BLE GCC_ARM
Auto-discovery in progress...
Auto-discovery complete
Tools Directory: C:/Users/Kushi/ModusToolbox/tools_3.4
Toolchain validation: PASS
Initializing build: mtb-example-empty-app Debug APP_CY8CKIT-062-BLE GCC_ARM
==============================================================================
= Building application =
==============================================================================
Generating compilation database file...
-> ./build/compile_commands.json
Compilation database file generation complete
Generated C:/Users/Kushi/mtw/adc_oled/.cproject
Generated C:/Users/Kushi/mtw/adc_oled/.project
Generated C:/Users/Kushi/mtw/adc_oled/.mtbLaunchConfigs/adc_oled Program (KitProg3_MiniProg4).launch
Generated C:/Users/Kushi/mtw/adc_oled/.mtbLaunchConfigs/adc_oled Erase Device (KitProg3_MiniProg4).launch
Generated C:/Users/Kushi/mtw/adc_oled/.mtbLaunchConfigs/adc_oled Attach (KitProg3_MiniProg4).launch
Generated C:/Users/Kushi/mtw/adc_oled/.mtbLaunchConfigs/adc_oled Debug (KitProg3_MiniProg4).launch

Instructions:
1. Open Eclipse IDE for ModusToolbox
2. Select 'Import Existing Application In-Place' from the QuickPanel
3. Browse to the application root directory

For more information, refer to the Eclipse IDE for ModusToolbox user guide.

The application "adc_oled" was successfully exported to Eclipse IDE for ModusToolbox™.
0 error(s), 0 warning(s)

Summary:

Successfully created and exported "adc_oled" application.
