11:33:03 **** Build of configuration Debug for project Hello_World ****
"C:\\Users\\Kushi\\ModusToolbox\\tools_3.4\\modus-shell\\bin\\make" CY_MAKE_IDE=eclipse CY_IDE_TOOLS_DIR=C:/Users/Kushi/ModusToolbox/tools_3.4 CY_IDE_BT_TOOLS_DIR= -j4 build_proj 
Tools Directory: C:/Users/Kushi/ModusToolbox/tools_3.4
Searching installed tools in progress...
Searching installed tools complete
INFO: Multiple tools versions were found in "/cygdrive/c/Users/Kushi/ModusToolbox/tools_3.2 /cygdrive/c/Users/Kushi/ModusToolbox/tools_3.4 C:/Users/Kushi/ModusToolbox/tools_3.2 C:/Users/Kushi/ModusToolbox/tools_3.4". This build is currently using "C:/Users/Kushi/ModusToolbox/tools_3.4". Check that this is the correct version that should be used in this build. To stop seeing this message, set the CY_TOOLS_PATHS environment variable to the location of the tools directory. This can be done either as an environment variable or set in the application Makefile.
NOTE: Using 'C:/Users/Kushi/ModusToolbox/tools_3.4/ninja/ninja.exe' from PATH.
Generating mtbninja data files...
Generating mtbninja data complete...
Toolchain validation: PASS
Initializing build: mtb-example-hal-hello-world Debug APP_CY8CKIT-062-BLE GCC_ARM

Prebuild operations complete
# 0: Loading the application in directory 'C:/Users/Kushi/mtw/Hello_World'
# 0: Loading the ModusToolbox Technology Packs and Early Access Packs
# 0: Loading the tools information
[1/267] Building object file C:/Users/Kushi/mtw/Hello_World/build/Debug/bsps/APP_CY8CKIT-062-BLE/config/GeneratedSource/cycfg_capsense.o
[2/267] Building object file C:/Users/Kushi/mtw/Hello_World/build/Debug/bsps/APP_CY8CKIT-062-BLE/bluetooth/cybsp_bt_config.o
[3/267] Building object file C:/Users/Kushi/mtw/Hello_World/build/Debug/bsps/APP_CY8CKIT-062-BLE/COMPONENT_CM4/TOOLCHAIN_GCC_ARM/startup_psoc6_01_cm4.o
[4/267] Building object file C:/Users/Kushi/mtw/Hello_World/build/Debug/bsps/APP_CY8CKIT-062-BLE/COMPONENT_CM4/system_psoc6_cm4.o
[5/267] Building object file C:/Users/Kushi/mtw/Hello_World/build/Debug/bsps/APP_CY8CKIT-062-BLE/config/GeneratedSource/cycfg_qspi_memslot.o
[6/267] Building object file C:/Users/Kushi/mtw/Hello_World/build/Debug/bsps/APP_CY8CKIT-062-BLE/config/GeneratedSource/cycfg_routing.o
[7/267] Building object file C:/Users/Kushi/mtw/Hello_World/build/Debug/bsps/APP_CY8CKIT-062-BLE/config/GeneratedSource/cycfg.o
[8/267] Building object file C:/Users/Kushi/mtw/Hello_World/build/Debug/bsps/APP_CY8CKIT-062-BLE/config/GeneratedSource/cycfg_clocks.o
[9/267] Building object file C:/Users/Kushi/mtw/Hello_World/build/Debug/bsps/APP_CY8CKIT-062-BLE/config/GeneratedSource/cycfg_peripherals.o
[10/267] Building object file C:/Users/Kushi/mtw/Hello_World/build/Debug/libraries_shared/mtb-pdl-cat1/drivers/source/TOOLCHAIN_GCC_ARM/cy_syslib_ext.o
[11/267] Building object file C:/Users/Kushi/mtw/Hello_World/build/Debug/bsps/APP_CY8CKIT-062-BLE/config/GeneratedSource/cycfg_pins.o
[12/267] Building object file C:/Users/Kushi/mtw/Hello_World/build/Debug/libraries_shared/abstraction-rtos/source/cy_worker_thread.o
FAILED: C:/Users/Kushi/mtw/Hello_World/build/Debug/libraries_shared/abstraction-rtos/source/cy_worker_thread.o 
C:/Users/Kushi/ModusToolbox/tools_3.4/gcc/bin/arm-none-eabi-gcc.exe -c -mcpu=cortex-m4 --specs=nano.specs -Og -mfloat-abi=softfp -mfpu=fpv4-sp-d16 -mthumb -ffunction-sections -fdata-sections -ffat-lto-objects -g -Wall -pipe -MMD -MP -MF C:/Users/Kushi/mtw/Hello_World/build/Debug/libraries_shared/abstraction-rtos/source/cy_worker_thread.o.d -MT C:/Users/Kushi/mtw/Hello_World/build/Debug/libraries_shared/abstraction-rtos/source/cy_worker_thread.o @C:/Users/Kushi/mtw/Hello_World/build/Debug/libraries_shared/abstraction-rtos/source/cy_worker_thread.o.rsp -o C:/Users/Kushi/mtw/Hello_World/build/Debug/libraries_shared/abstraction-rtos/source/cy_worker_thread.o -c C:/Users/Kushi/mtw/mtb_shared/abstraction-rtos/release-v1.9.0/source/cy_worker_thread.c
In file included from ../mtb_shared/abstraction-rtos/release-v1.9.0/include/cy_worker_thread.h:37,
                 from C:/Users/Kushi/mtw/mtb_shared/abstraction-rtos/release-v1.9.0/source/cy_worker_thread.c:30:
../mtb_shared/abstraction-rtos/release-v1.9.0/include/cyabs_rtos.h:32:10: fatal error: cyabs_rtos_impl.h: No such file or directory
   32 | #include "cyabs_rtos_impl.h"
      |          ^~~~~~~~~~~~~~~~~~~
compilation terminated.

[13/267] Building object file C:/Users/Kushi/mtw/Hello_World/build/Debug/libraries_shared/clib-support/source/TOOLCHAIN_GCC_ARM/cy_clib_support_newlib.o
FAILED: C:/Users/Kushi/mtw/Hello_World/build/Debug/libraries_shared/clib-support/source/TOOLCHAIN_GCC_ARM/cy_clib_support_newlib.o 
C:/Users/Kushi/ModusToolbox/tools_3.4/gcc/bin/arm-none-eabi-gcc.exe -c -mcpu=cortex-m4 --specs=nano.specs -Og -mfloat-abi=softfp -mfpu=fpv4-sp-d16 -mthumb -ffunction-sections -fdata-sections -ffat-lto-objects -g -Wall -pipe -MMD -MP -MF C:/Users/Kushi/mtw/Hello_World/build/Debug/libraries_shared/clib-support/source/TOOLCHAIN_GCC_ARM/cy_clib_support_newlib.o.d -MT C:/Users/Kushi/mtw/Hello_World/build/Debug/libraries_shared/clib-support/source/TOOLCHAIN_GCC_ARM/cy_clib_support_newlib.o @C:/Users/Kushi/mtw/Hello_World/build/Debug/libraries_shared/clib-support/source/TOOLCHAIN_GCC_ARM/cy_clib_support_newlib.o.rsp -o C:/Users/Kushi/mtw/Hello_World/build/Debug/libraries_shared/clib-support/source/TOOLCHAIN_GCC_ARM/cy_clib_support_newlib.o -c C:/Users/Kushi/mtw/mtb_shared/clib-support/release-v1.6.0/source/TOOLCHAIN_GCC_ARM/cy_clib_support_newlib.c
In file included from C:/Users/Kushi/mtw/mtb_shared/clib-support/release-v1.6.0/source/TOOLCHAIN_GCC_ARM/cy_clib_support_newlib.c:41:
../mtb_shared/clib-support/release-v1.6.0/include/cy_mutex_pool.h:46:2: error: #error "Unhandled RTOS type"
   46 | #error "Unhandled RTOS type"
      |  ^~~~~
../mtb_shared/clib-support/release-v1.6.0/include/cy_mutex_pool.h:57:1: error: unknown type name 'cy_mutex_pool_semaphore_t'
   57 | cy_mutex_pool_semaphore_t cy_mutex_pool_create(void);
      | ^~~~~~~~~~~~~~~~~~~~~~~~~
../mtb_shared/clib-support/release-v1.6.0/include/cy_mutex_pool.h:61:28: error: unknown type name 'cy_mutex_pool_semaphore_t'
   61 | void cy_mutex_pool_acquire(cy_mutex_pool_semaphore_t m);
      |                            ^~~~~~~~~~~~~~~~~~~~~~~~~
../mtb_shared/clib-support/release-v1.6.0/include/cy_mutex_pool.h:65:28: error: unknown type name 'cy_mutex_pool_semaphore_t'
   65 | void cy_mutex_pool_release(cy_mutex_pool_semaphore_t m);
      |                            ^~~~~~~~~~~~~~~~~~~~~~~~~
../mtb_shared/clib-support/release-v1.6.0/include/cy_mutex_pool.h:69:28: error: unknown type name 'cy_mutex_pool_semaphore_t'
   69 | void cy_mutex_pool_destroy(cy_mutex_pool_semaphore_t m);
      |                            ^~~~~~~~~~~~~~~~~~~~~~~~~
C:/Users/Kushi/mtw/mtb_shared/clib-support/release-v1.6.0/source/TOOLCHAIN_GCC_ARM/cy_clib_support_newlib.c:52:8: error: unknown type name 'cy_mutex_pool_semaphore_t'
   52 | static cy_mutex_pool_semaphore_t cy_malloc_mutex = NULL, cy_env_mutex = NULL, cy_ctor_mutex = NULL;
      |        ^~~~~~~~~~~~~~~~~~~~~~~~~
C:/Users/Kushi/mtw/mtb_shared/clib-support/release-v1.6.0/source/TOOLCHAIN_GCC_ARM/cy_clib_support_newlib.c:52:52: warning: initialization of 'int' from 'void *' makes integer from pointer without a cast [-Wint-conversion]
   52 | static cy_mutex_pool_semaphore_t cy_malloc_mutex = NULL, cy_env_mutex = NULL, cy_ctor_mutex = NULL;
      |                                                    ^~~~
C:/Users/Kushi/mtw/mtb_shared/clib-support/release-v1.6.0/source/TOOLCHAIN_GCC_ARM/cy_clib_support_newlib.c:52:73: warning: initialization of 'int' from 'void *' makes integer from pointer without a cast [-Wint-conversion]
   52 | static cy_mutex_pool_semaphore_t cy_malloc_mutex = NULL, cy_env_mutex = NULL, cy_ctor_mutex = NULL;
      |                                                                         ^~~~
C:/Users/Kushi/mtw/mtb_shared/clib-support/release-v1.6.0/source/TOOLCHAIN_GCC_ARM/cy_clib_support_newlib.c:52:95: warning: initialization of 'int' from 'void *' makes integer from pointer without a cast [-Wint-conversion]
   52 | static cy_mutex_pool_semaphore_t cy_malloc_mutex = NULL, cy_env_mutex = NULL, cy_ctor_mutex = NULL;
      |                                                                                               ^~~~
C:/Users/Kushi/mtw/mtb_shared/clib-support/release-v1.6.0/source/TOOLCHAIN_GCC_ARM/cy_clib_support_newlib.c:53:1: error: unknown type name 'cy_mutex_pool_semaphore_t'
   53 | cy_mutex_pool_semaphore_t cy_timer_mutex;
      | ^~~~~~~~~~~~~~~~~~~~~~~~~
C:/Users/Kushi/mtw/mtb_shared/clib-support/release-v1.6.0/source/TOOLCHAIN_GCC_ARM/cy_clib_support_newlib.c: In function '__malloc_lock':
C:/Users/Kushi/mtw/mtb_shared/clib-support/release-v1.6.0/source/TOOLCHAIN_GCC_ARM/cy_clib_support_newlib.c:102:5: warning: implicit declaration of function 'cy_mutex_pool_acquire'; did you mean 'cy_mutex_pool_create'? [-Wimplicit-function-declaration]
  102 |     cy_mutex_pool_acquire(cy_malloc_mutex);
      |     ^~~~~~~~~~~~~~~~~~~~~
      |     cy_mutex_pool_create
C:/Users/Kushi/mtw/mtb_shared/clib-support/release-v1.6.0/source/TOOLCHAIN_GCC_ARM/cy_clib_support_newlib.c: In function '__malloc_unlock':
C:/Users/Kushi/mtw/mtb_shared/clib-support/release-v1.6.0/source/TOOLCHAIN_GCC_ARM/cy_clib_support_newlib.c:116:5: warning: implicit declaration of function 'cy_mutex_pool_release'; did you mean 'cy_mutex_pool_create'? [-Wimplicit-function-declaration]
  116 |     cy_mutex_pool_release(cy_malloc_mutex);
      |     ^~~~~~~~~~~~~~~~~~~~~
      |     cy_mutex_pool_create
[14/267] Building object file C:/Users/Kushi/mtw/Hello_World/build/Debug/bsps/APP_CY8CKIT-062-BLE/config/GeneratedSource/cycfg_system.o
[15/267] Building object file C:/Users/Kushi/mtw/Hello_World/build/Debug/bsps/APP_CY8CKIT-062-BLE/cybsp.o
[16/267] Building object file C:/Users/Kushi/mtw/Hello_World/build/Debug/libraries_shared/cat1cm0p/COMPONENT_CAT1A/COMPONENT_CM0P_BLESS/psoc6_cm0p_bless.o
[17/267] Building object file C:/Users/Kushi/mtw/Hello_World/build/Debug/local/main.o
ninja: build stopped: subcommand failed.
make: *** [../mtb_shared/core-make/release-v3.5.1/make/core/ninja.mk:177: C:/Users/Kushi/mtw/Hello_World/build/APP_CY8CKIT-062-BLE/Debug/mtb-example-hal-hello-world.elf] Error 1
"C:/Users/Kushi/ModusToolbox/tools_3.4/modus-shell/bin/make CY_MAKE_IDE=eclipse CY_IDE_TOOLS_DIR=C:/Users/Kushi/ModusToolbox/tools_3.4 CY_IDE_BT_TOOLS_DIR= -j4 build_proj" terminated with exit code 2. Build might be incomplete.

11:33:08 Build Failed. 9 errors, 5 warnings. (took 5s.69ms)

